<?xml version="1.0" encoding="UTF-8"?>
<testsuite xmlns:xsi="http://www.w3.org/2001/XMLSchema-instance" xsi:noNamespaceSchemaLocation="https://maven.apache.org/surefire/maven-surefire-plugin/xsd/surefire-test-report-3.0.xsd" version="3.0" name="com.ria.RiaLoginTestRunner" time="30.624" tests="2" errors="0" skipped="0" failures="0">
  <properties>
[...]
</properties>
  <testcase name="Verify successfull login #1" classname="Login to website" time="14.733">
    <system-out><![CDATA[
@Smoke
Scenario: Verify successfull login                               &amp#27;[90m# src/test/resources/featuresfolder/RiaLogin.feature:7&amp#27;[0m
  &amp#27;[32mGiven &amp#27;[0m&amp#27;[32mvalidate the browser&amp#27;[0m                                     &amp#27;[90m# com.web.RiaLogin.validate_the_browser()&amp#27;[0m
  &amp#27;[32mGiven &amp#27;[0m&amp#27;[32mUser opens the browser and navigates to home page&amp#27;[0m        &amp#27;[90m# com.web.RiaLogin.user_opens_the_browser_and_navigates_to_home_page()&amp#27;[0m
  &amp#27;[32mWhen &amp#27;[0m&amp#27;[32mUser enters username and password and click submit button&amp#27;[0m &amp#27;[90m# com.web.RiaLogin.user_enters_username_and_password_and_click_submit_button()&amp#27;[0m
  &amp#27;[32mThen &amp#27;[0m&amp#27;[32mUser logs in successfully and lands on dashboard&amp#27;[0m          &amp#27;[90m# com.web.RiaLogin.user_logs_in_successfully_and_lands_on_dashboard()&amp#27;[0m
]]></system-out>
    <system-err><![CDATA[1609794696331	geckodriver	INFO	Listening on 127.0.0.1:46676
1609794696589	mozrunner::runner	INFO	Running command: "/Applications/Firefox.app/Contents/MacOS/firefox-bin" "--marionette" "-foreground" "-no-remote" "-profile" "/var/folders/cf/48wlvwtd5nbgfsn8vcbrkkvr0000gn/T/rust_mozprofileg56061"
console.warn: SearchSettings: "get: No settings file exists, new profile?" (new Error("", "(unknown module)"))
1609794699824	Marionette	INFO	Listening on port 50739
1609794699985	Marionette	WARN	TLS certificate errors will be ignored for this session
Jan 04, 2021 3:11:40 PM org.openqa.selenium.remote.ProtocolHandshake createSession
INFO: Detected dialect: W3C
]]></system-err>
  </testcase>
  <testcase name="Verify successfull login #4" classname="Login to website" time="14.91">
    <system-out><![CDATA[
@Smoke
Scenario: Verify successfull login                               &amp#27;[90m# src/test/resources/featuresfolder/RiaLogin.feature:25&amp#27;[0m
  &amp#27;[32mGiven &amp#27;[0m&amp#27;[32mvalidate the browser&amp#27;[0m                                     &amp#27;[90m# com.web.RiaLogin.validate_the_browser()&amp#27;[0m
  &amp#27;[32mGiven &amp#27;[0m&amp#27;[32mUser opens the browser and navigates to home page&amp#27;[0m        &amp#27;[90m# com.web.RiaLogin.user_opens_the_browser_and_navigates_to_home_page()&amp#27;[0m
  &amp#27;[32mWhen &amp#27;[0m&amp#27;[32mUser enters username and password and click submit button&amp#27;[0m &amp#27;[90m# com.web.RiaLogin.user_enters_username_and_password_and_click_submit_button()&amp#27;[0m
  &amp#27;[32mThen &amp#27;[0m&amp#27;[32mUser logs in successfully and lands on dashboard&amp#27;[0m          &amp#27;[90m# com.web.RiaLogin.user_logs_in_successfully_and_lands_on_dashboard()&amp#27;[0m
]]></system-out>
    <system-err><![CDATA[1609794710371	geckodriver	INFO	Listening on 127.0.0.1:26319
1609794710450	mozrunner::runner	INFO	Running command: "/Applications/Firefox.app/Contents/MacOS/firefox-bin" "--marionette" "-foreground" "-no-remote" "-profile" "/var/folders/cf/48wlvwtd5nbgfsn8vcbrkkvr0000gn/T/rust_mozprofileliEZyt"
console.warn: SearchSettings: "get: No settings file exists, new profile?" (new Error("", "(unknown module)"))
1609794714500	Marionette	INFO	Listening on port 50881
1609794714629	Marionette	WARN	TLS certificate errors will be ignored for this session
Jan 04, 2021 3:11:54 PM org.openqa.selenium.remote.ProtocolHandshake createSession
INFO: Detected dialect: W3C
]]></system-err>
  </testcase>
</testsuite>