<?xml version="1.0" encoding="UTF-8"?>
<testsuite xmlns:xsi="http://www.w3.org/2001/XMLSchema-instance" xsi:noNamespaceSchemaLocation="https://maven.apache.org/surefire/maven-surefire-plugin/xsd/surefire-test-report-3.0.xsd" version="3.0" name="com.ria.RiaLoginTestRunner" time="47.968" tests="2" errors="0" skipped="0" failures="0">
  <properties>
[...]
</properties>
  <testcase name="Verify successfull login #1" classname="Login to website" time="22.709">
    <system-out><![CDATA[
@Smoke
Scenario: Verify successfull login                               &amp#27;[90m# src/test/resources/featuresfolder/RiaLogin.feature:7&amp#27;[0m
  &amp#27;[32mGiven &amp#27;[0m&amp#27;[32mvalidate the browser&amp#27;[0m                                     &amp#27;[90m# com.web.RiaLogin.validate_the_browser()&amp#27;[0m
  &amp#27;[32mGiven &amp#27;[0m&amp#27;[32mUser opens the browser and navigates to home page&amp#27;[0m        &amp#27;[90m# com.web.RiaLogin.user_opens_the_browser_and_navigates_to_home_page()&amp#27;[0m
  &amp#27;[32mWhen &amp#27;[0m&amp#27;[32mUser enters username and password and click submit button&amp#27;[0m &amp#27;[90m# com.web.RiaLogin.user_enters_username_and_password_and_click_submit_button()&amp#27;[0m
  &amp#27;[32mThen &amp#27;[0m&amp#27;[32mUser logs in successfully and lands on dashboard&amp#27;[0m          &amp#27;[90m# com.web.RiaLogin.user_logs_in_successfully_and_lands_on_dashboard()&amp#27;[0m
]]></system-out>
    <system-err><![CDATA[1605988326691	mozrunner::runner	INFO	Running command: "C:\\Program Files\\Mozilla Firefox\\firefox.exe" "-marionette" "-foreground" "-no-remote" "-profile" "C:\\Users\\MR788s\\AppData\\Local\\Temp\\rust_mozprofileAZe4et"
JavaScript error: resource://gre/modules/XULStore.jsm, line 66: Error: Can't find profile directory.
1605988331104	Marionette	INFO	Listening on port 63354
1605988331168	Marionette	WARN	TLS certificate errors will be ignored for this session
Nov 21, 2020 1:52:11 PM org.openqa.selenium.remote.ProtocolHandshake createSession
INFO: Detected dialect: W3C
JavaScript error: resource://gre/modules/URIFixup.jsm, line 281: NS_ERROR_FAILURE: Should pass a non-null uri
JavaScript error: https://connect.facebook.net/en_US/fbevents.js, line 1: SyntaxError: expected expression, got '<'
JavaScript error: https://connect.facebook.net/en_US/fbevents.js, line 1: SyntaxError: expected expression, got '<'
]]></system-err>
  </testcase>
  <testcase name="Verify successfull login #4" classname="Login to website" time="23.349">
    <system-out><![CDATA[
@Smoke
Scenario: Verify successfull login                               &amp#27;[90m# src/test/resources/featuresfolder/RiaLogin.feature:25&amp#27;[0m
  &amp#27;[32mGiven &amp#27;[0m&amp#27;[32mvalidate the browser&amp#27;[0m                                     &amp#27;[90m# com.web.RiaLogin.validate_the_browser()&amp#27;[0m
  &amp#27;[32mGiven &amp#27;[0m&amp#27;[32mUser opens the browser and navigates to home page&amp#27;[0m        &amp#27;[90m# com.web.RiaLogin.user_opens_the_browser_and_navigates_to_home_page()&amp#27;[0m
  &amp#27;[32mWhen &amp#27;[0m&amp#27;[32mUser enters username and password and click submit button&amp#27;[0m &amp#27;[90m# com.web.RiaLogin.user_enters_username_and_password_and_click_submit_button()&amp#27;[0m
  &amp#27;[32mThen &amp#27;[0m&amp#27;[32mUser logs in successfully and lands on dashboard&amp#27;[0m          &amp#27;[90m# com.web.RiaLogin.user_logs_in_successfully_and_lands_on_dashboard()&amp#27;[0m
]]></system-out>
    <system-err><![CDATA[1605988347306	mozrunner::runner	INFO	Running command: "C:\\Program Files\\Mozilla Firefox\\firefox.exe" "-marionette" "-foreground" "-no-remote" "-profile" "C:\\Users\\MR788s\\AppData\\Local\\Temp\\rust_mozprofileT9mwvc"
JavaScript error: resource://gre/modules/XULStore.jsm, line 66: Error: Can't find profile directory.
1605988353041	Marionette	INFO	Listening on port 63448
1605988353369	Marionette	WARN	TLS certificate errors will be ignored for this session
Nov 21, 2020 1:52:33 PM org.openqa.selenium.remote.ProtocolHandshake createSession
INFO: Detected dialect: W3C
JavaScript error: resource://gre/modules/URIFixup.jsm, line 281: NS_ERROR_FAILURE: Should pass a non-null uri
JavaScript error: https://connect.facebook.net/en_US/fbevents.js, line 1: SyntaxError: expected expression, got '<'
JavaScript error: https://connect.facebook.net/en_US/fbevents.js, line 1: SyntaxError: expected expression, got '<'
]]></system-err>
  </testcase>
</testsuite>